<?xml version="1.0" encoding="UTF-8"?>
<!-- Generated by org.testng.reporters.JUnitReportReporter -->
<testsuite hostname="myhost" failures="0" tests="3" name="Main.AvailableRequestTest" time="29.954" errors="0" timestamp="2020-12-11T09:40:10 IST" skipped="0">
  <testcase classname="Main.AvailableRequestTest" name="NavigateToSparePartRequestPage" time="27.417"/>
  <system-out/>
  <testcase classname="Main.AvailableRequestTest" name="TMS_AR_001" time="2.496"/>
  <system-out/>
  <testcase classname="Main.AvailableRequestTest" name="TMS_AR_003" time="0.041"/>
  <system-out/>
</testsuite> <!-- Main.AvailableRequestTest -->
