<?xml version="1.0" encoding="UTF-8"?>
<!-- Generated by org.testng.reporters.JUnitReportReporter -->
<testsuite hostname="myhost" failures="0" tests="8" name="Main.AvailableRequestTest" time="2.371" errors="0" timestamp="2020-12-16T08:47:03 IST" skipped="0">
  <testcase classname="Main.AvailableRequestTest" name="TMS_AR_001" time="1.984"/>
  <system-out/>
  <testcase classname="Main.AvailableRequestTest" name="TMS_AR_003" time="0.046"/>
  <system-out/>
  <testcase classname="Main.AvailableRequestTest" name="TMS_AR_009" time="0.194"/>
  <system-out/>
  <testcase classname="Main.AvailableRequestTest" name="TMS_AR_0010" time="0.029"/>
  <system-out/>
  <testcase classname="Main.AvailableRequestTest" name="TMS_AR_0012" time="0.032"/>
  <system-out/>
  <testcase classname="Main.AvailableRequestTest" name="TMS_AR_0016" time="0.027"/>
  <system-out/>
  <testcase classname="Main.AvailableRequestTest" name="TMS_AR_0017" time="0.028"/>
  <system-out/>
  <testcase classname="Main.AvailableRequestTest" name="TMS_AR_0033" time="0.031"/>
  <system-out/>
</testsuite> <!-- Main.AvailableRequestTest -->
