<?xml version="1.0" encoding="UTF-8"?>
<!-- Generated by org.testng.reporters.JUnitReportReporter -->
<testsuite hostname="myhost" failures="0" tests="3" name="Main.AvailableRequestTest" time="69.785" errors="0" timestamp="2020-12-10T17:22:43 IST" skipped="0">
  <testcase classname="Main.AvailableRequestTest" name="NavigateToSparePartRequestPage" time="66.601"/>
  <system-out/>
  <testcase classname="Main.AvailableRequestTest" name="TMS_AR_001" time="3.152"/>
  <system-out/>
  <testcase classname="Main.AvailableRequestTest" name="TMS_AR_003" time="0.032"/>
  <system-out/>
</testsuite> <!-- Main.AvailableRequestTest -->
